 
*** VICE Version 3.6.1 ***
 
Welcome to x64sc, the free portable C64 Emulator.
 
Current VICE team members:
Martin Pottendorfer, Marco van den Heuvel, Fabrizio Gennari, Groepaz, 
Errol Smith, Ingo Korb, Olaf Seibert, Marcus Sutton, Kajtar Zsolt, AreaScout, 
Bas Wassink, Michael C. Martin, Christopher Phillips, David Hogan, 
Empathic Qubit, Roberto Muscedere, June Tate-Gans, Pablo Roldan.
 
This is free software with ABSOLUTELY NO WARRANTY.
See the "About VICE" command for more info.
 
random seed was: 0x631b5e54
command line was: /Applications/vice-arm64-gtk3-3.6.1/VICE.app/Contents/Resources/bin/x64sc -logfile main.prg-vice.log main.prg
Loading system file `/Applications/vice-arm64-gtk3-3.6.1/VICE.app/Contents/Resources/bin/../share/vice/C64/kernal'.
Loading system file `/Applications/vice-arm64-gtk3-3.6.1/VICE.app/Contents/Resources/bin/../share/vice/C64/basic'.
Loading system file `/Applications/vice-arm64-gtk3-3.6.1/VICE.app/Contents/Resources/bin/../share/vice/C64/chargen'.
Loading system file `/Applications/vice-arm64-gtk3-3.6.1/VICE.app/Contents/Resources/bin/../share/vice/PRINTER/mps803'.
Palette: Loading palette `/Applications/vice-arm64-gtk3-3.6.1/VICE.app/Contents/Resources/bin/../share/vice/PRINTER/mps803.vpl'.
Loading system file `/Applications/vice-arm64-gtk3-3.6.1/VICE.app/Contents/Resources/bin/../share/vice/PRINTER/nl10-cbm'.
Palette: Loading palette `/Applications/vice-arm64-gtk3-3.6.1/VICE.app/Contents/Resources/bin/../share/vice/PRINTER/nl10.vpl'.
NL10: Printer driver initialized.
Palette: Loading palette `/Applications/vice-arm64-gtk3-3.6.1/VICE.app/Contents/Resources/bin/../share/vice/PRINTER/1520.vpl'.
Loading system file `/Applications/vice-arm64-gtk3-3.6.1/VICE.app/Contents/Resources/bin/../share/vice/DRIVES/dos1540'.
Loading system file `/Applications/vice-arm64-gtk3-3.6.1/VICE.app/Contents/Resources/bin/../share/vice/DRIVES/dos1541'.
Loading system file `/Applications/vice-arm64-gtk3-3.6.1/VICE.app/Contents/Resources/bin/../share/vice/DRIVES/d1541II'.
Loading system file `/Applications/vice-arm64-gtk3-3.6.1/VICE.app/Contents/Resources/bin/../share/vice/DRIVES/dos1570'.
Loading system file `/Applications/vice-arm64-gtk3-3.6.1/VICE.app/Contents/Resources/bin/../share/vice/DRIVES/dos1571'.
Loading system file `/Applications/vice-arm64-gtk3-3.6.1/VICE.app/Contents/Resources/bin/../share/vice/DRIVES/dos1581'.
DriveROM: Error - 2000 ROM image not found. Hardware-level 2000 emulation is not available.
DriveROM: Error - 4000 ROM image not found. Hardware-level 4000 emulation is not available.
DriveROM: Error - CMDHD ROM image not found. Hardware-level CMDHD emulation is not available.
Loading system file `/Applications/vice-arm64-gtk3-3.6.1/VICE.app/Contents/Resources/bin/../share/vice/DRIVES/dos2031'.
Loading system file `/Applications/vice-arm64-gtk3-3.6.1/VICE.app/Contents/Resources/bin/../share/vice/DRIVES/dos2040'.
Loading system file `/Applications/vice-arm64-gtk3-3.6.1/VICE.app/Contents/Resources/bin/../share/vice/DRIVES/dos3040'.
Loading system file `/Applications/vice-arm64-gtk3-3.6.1/VICE.app/Contents/Resources/bin/../share/vice/DRIVES/dos4040'.
Loading system file `/Applications/vice-arm64-gtk3-3.6.1/VICE.app/Contents/Resources/bin/../share/vice/DRIVES/dos1001'.
Loading system file `/Applications/vice-arm64-gtk3-3.6.1/VICE.app/Contents/Resources/bin/../share/vice/DRIVES/dos9000'.
Drive: Finished loading ROM images.
VIC-II: Initializing chip model "MOS8565" (63 cycles per line, 312 raster lines).
using GTK3 backend: OpenGL
Loading vertex shader: /Applications/vice-arm64-gtk3-3.6.1/VICE.app/Contents/Resources/bin/../share/vice/GLSL/viewport.vert
Loading fragment shader: /Applications/vice-arm64-gtk3-3.6.1/VICE.app/Contents/Resources/bin/../share/vice/GLSL/builtin.frag
Loading vertex shader: /Applications/vice-arm64-gtk3-3.6.1/VICE.app/Contents/Resources/bin/../share/vice/GLSL/viewport.vert
Loading fragment shader: /Applications/vice-arm64-gtk3-3.6.1/VICE.app/Contents/Resources/bin/../share/vice/GLSL/builtin-interlaced.frag
Loading vertex shader: /Applications/vice-arm64-gtk3-3.6.1/VICE.app/Contents/Resources/bin/../share/vice/GLSL/viewport.vert
Loading fragment shader: /Applications/vice-arm64-gtk3-3.6.1/VICE.app/Contents/Resources/bin/../share/vice/GLSL/bicubic.frag
Loading vertex shader: /Applications/vice-arm64-gtk3-3.6.1/VICE.app/Contents/Resources/bin/../share/vice/GLSL/viewport.vert
Loading fragment shader: /Applications/vice-arm64-gtk3-3.6.1/VICE.app/Contents/Resources/bin/../share/vice/GLSL/bicubic-interlaced.frag
Created render thread 0
Render thread initialised
Sound: Available sound devices: coreaudio dummy fs dump wav voc iff aiff mp3 flac ogg soundmovie
Keyboard: Loading keymap `/Applications/vice-arm64-gtk3-3.6.1/VICE.app/Contents/Resources/bin/../share/vice/C64/gtk3_sym.vkm'.
AUTOSTART: Autodetecting image type of `main.prg'.
Filesystem Image Probe: Error - Import GCR: Unknown GCR image version 48.
Filesystem Image: Unknown disk image `main.prg'.
Tape: Error - Cannot open file `main.prg'
Error - CRT header invalid.
CART: '/Users/rdoetjes/develop/c64/dino_run/bin/main.prg' is not a valid CRT file.
AUTOSTART: Loading PRG file `main.prg' with autostart disk image.
AUTOSTART: Resetting drive 8
AUTOSTART: Resetting the machine to autostart 'MAIN'
VIC-II: VSP Bug: safe channels are: 0247. Emulation of memory corruption is disabled.
AUTOSTART: Turning Warp mode on.
AUTOSTART: `main.prg' recognized as program/p00 file.
Main CPU: starting at ($FFFC).
Main CPU: RESET.
sound (coreaudio_init): Found audio device with no outputs: MacBook Air Microphone
sound (coreaudio_init): Found output audio device: MacBook Air Speakers (Default)
sound (coreaudio_init): Using output audio device: MacBook Air Speakers
sound (coreaudio_init): audio frame buffer size in samples min: 15.000000 max: 4096.000000 fragment size: 32, chosen: 32
sound (coreaudio_start): Started
Sound: Opened device `coreaudio', speed 48000Hz, fragment size 0.67ms, buffer size 20.00ms
Copybuffer increase to 64 bytes
reSID: MOS8580, filter on, sampling rate 48000Hz - resampling, pass to 21600Hz
Sync reset
Unit 8: RESET.
AUTOSTART: Loading program 'MAIN'
AUTOSTART: Entered ROM at $e5d4
AUTOSTART: Searching for ...
AUTOSTART: Loading
AUTOSTART: Entered ROM at $ea21
AUTOSTART: Ready
AUTOSTART: Turning Warp mode off.
AUTOSTART: Starting program.
AUTOSTART: Restoring FileSystemDevice8 to 1.
AUTOSTART: Restoring FSDevice8ConvertP00 to 1.
AUTOSTART: Restoring FSDeviceLongNames to 0.
AUTOSTART: Done.
Sync reset
